"initialize CTM"
"initialize CTM"
"start CTM iterations:"
 40.324235 seconds (99.11 M allocations: 5.696 GiB, 4.90% gc time, 97.13% compilation time)
  1.866014 seconds (8.04 M allocations: 1.010 GiB, 14.05% gc time, 49.25% compilation time)
  1.160016 seconds (6.26 M allocations: 912.944 MiB, 33.61% gc time, 9.11% compilation time)
  0.928831 seconds (5.96 M allocations: 873.628 MiB, 18.42% gc time, 15.63% compilation time)
"CTMRG iteration: 1, CTMRG err: 2.429485783192557"
  0.357958 seconds (1.98 M allocations: 303.457 MiB, 17.75% gc time, 17.57% compilation time)
  0.203112 seconds (602.51 k allocations: 70.034 MiB, 9.59% gc time, 64.68% compilation time)
  0.218462 seconds (557.07 k allocations: 58.365 MiB, 80.55% compilation time)
  0.420177 seconds (1.90 M allocations: 277.402 MiB, 16.17% gc time, 38.60% compilation time)
"CTMRG iteration: 2, CTMRG err: 0.2539792097988128"
  0.089339 seconds (234.95 k allocations: 24.287 MiB, 69.30% compilation time)
  0.221862 seconds (390.78 k allocations: 32.651 MiB, 9.51% gc time, 85.54% compilation time)
  0.186775 seconds (373.61 k allocations: 31.558 MiB, 85.39% compilation time)
  0.118038 seconds (271.23 k allocations: 26.323 MiB, 74.18% compilation time)
"CTMRG iteration: 3, CTMRG err: 0.08588421377334676"
  0.061703 seconds (195.18 k allocations: 21.785 MiB, 48.52% compilation time)
  0.090316 seconds (198.26 k allocations: 20.398 MiB, 27.73% gc time, 39.15% compilation time)
  0.023766 seconds (151.81 k allocations: 18.130 MiB)
  0.027657 seconds (153.99 k allocations: 18.664 MiB)
"CTMRG iteration: 4, CTMRG err: 0.005592336648245967"
  0.031178 seconds (153.04 k allocations: 18.457 MiB)
  0.030438 seconds (151.27 k allocations: 17.999 MiB)
  0.029924 seconds (151.81 k allocations: 18.130 MiB)
  0.054568 seconds (153.99 k allocations: 18.664 MiB, 45.67% gc time)
"CTMRG iteration: 5, CTMRG err: 0.0016695028540334189"
  0.026738 seconds (153.04 k allocations: 18.457 MiB)
  0.028709 seconds (151.27 k allocations: 17.999 MiB)
  0.031317 seconds (151.81 k allocations: 18.130 MiB)
  0.031593 seconds (153.99 k allocations: 18.664 MiB)
"CTMRG iteration: 6, CTMRG err: 0.0005410198443128003"
  0.034118 seconds (153.04 k allocations: 18.457 MiB)
  0.053232 seconds (151.27 k allocations: 17.999 MiB, 46.16% gc time)
  0.029082 seconds (151.81 k allocations: 18.130 MiB)
  0.030873 seconds (153.99 k allocations: 18.664 MiB)
"CTMRG iteration: 7, CTMRG err: 0.000157789340938611"
  0.031127 seconds (153.04 k allocations: 18.457 MiB)
  0.030298 seconds (151.27 k allocations: 17.999 MiB)
  0.030956 seconds (151.81 k allocations: 18.130 MiB)
  0.050283 seconds (153.99 k allocations: 18.664 MiB, 46.01% gc time)
"CTMRG iteration: 8, CTMRG err: 4.387664719562781e-5"
  0.027424 seconds (153.04 k allocations: 18.457 MiB)
  0.030581 seconds (151.27 k allocations: 17.999 MiB)
  0.030407 seconds (151.81 k allocations: 18.130 MiB)
  0.031659 seconds (153.99 k allocations: 18.664 MiB)
"CTMRG iteration: 9, CTMRG err: 1.1976929206072684e-5"
  0.052428 seconds (153.04 k allocations: 18.457 MiB, 41.23% gc time)
  0.025667 seconds (151.27 k allocations: 17.999 MiB)
  0.028151 seconds (151.81 k allocations: 18.130 MiB)
  0.032056 seconds (153.99 k allocations: 18.664 MiB)
"CTMRG iteration: 10, CTMRG err: 3.2391181458125944e-6"
  0.031225 seconds (153.04 k allocations: 18.457 MiB)
  0.030738 seconds (151.27 k allocations: 17.999 MiB)
  0.051927 seconds (151.81 k allocations: 18.130 MiB, 41.97% gc time)
  0.026609 seconds (153.99 k allocations: 18.664 MiB)
"CTMRG iteration: 11, CTMRG err: 8.71794014136538e-7"







"initialize CTM"
"initialize CTM"
"start CTM iterations:"
  0.266893 seconds (710.00 k allocations: 68.957 MiB, 73.72% compilation time)
  0.140473 seconds (464.26 k allocations: 54.736 MiB, 19.10% gc time, 30.48% compilation time)
  0.133766 seconds (468.28 k allocations: 53.758 MiB, 46.30% compilation time)
  0.152610 seconds (462.92 k allocations: 53.220 MiB, 16.34% gc time, 41.28% compilation time)
"CTMRG iteration: 1, CTMRG err: 2.429485783192557"
  0.045292 seconds (179.21 k allocations: 21.347 MiB, 32.10% compilation time)
  0.062287 seconds (201.89 k allocations: 22.205 MiB, 49.13% compilation time)
  0.095560 seconds (244.56 k allocations: 24.528 MiB, 65.55% compilation time)
  0.082248 seconds (199.46 k allocations: 22.483 MiB, 29.64% gc time, 35.09% compilation time)
"CTMRG iteration: 2, CTMRG err: 0.2539792097988128"
  0.075324 seconds (233.96 k allocations: 24.123 MiB, 63.89% compilation time)
  0.028921 seconds (159.91 k allocations: 19.868 MiB)
  0.031807 seconds (159.32 k allocations: 19.841 MiB)
  0.032658 seconds (160.88 k allocations: 20.193 MiB)
"CTMRG iteration: 3, CTMRG err: 0.08588421377334676"
  0.057285 seconds (158.38 k allocations: 19.678 MiB, 43.14% gc time)
  0.028130 seconds (151.18 k allocations: 17.985 MiB)
  0.026555 seconds (151.70 k allocations: 18.114 MiB)
  0.031840 seconds (153.84 k allocations: 18.643 MiB)
"CTMRG iteration: 4, CTMRG err: 0.005592336648245967"
  0.031645 seconds (152.97 k allocations: 18.449 MiB)
  0.030660 seconds (151.18 k allocations: 17.985 MiB)
  0.060802 seconds (151.70 k allocations: 18.114 MiB, 47.33% gc time)
  0.026513 seconds (153.84 k allocations: 18.643 MiB)
"CTMRG iteration: 5, CTMRG err: 0.0016695028540334189"
  0.026514 seconds (152.97 k allocations: 18.449 MiB)
  0.029502 seconds (151.18 k allocations: 17.985 MiB)
  0.031492 seconds (151.70 k allocations: 18.114 MiB)
  0.031778 seconds (153.84 k allocations: 18.643 MiB)
"CTMRG iteration: 6, CTMRG err: 0.0005410198443128003"
  0.031830 seconds (152.97 k allocations: 18.449 MiB)
  0.052088 seconds (151.18 k allocations: 17.985 MiB, 48.40% gc time)
  0.025582 seconds (151.70 k allocations: 18.114 MiB)
  0.028820 seconds (153.84 k allocations: 18.643 MiB)
"CTMRG iteration: 7, CTMRG err: 0.000157789340938611"
  0.031154 seconds (152.97 k allocations: 18.449 MiB)
  0.030132 seconds (151.18 k allocations: 17.985 MiB)
  0.030686 seconds (151.70 k allocations: 18.114 MiB)
  0.052750 seconds (153.84 k allocations: 18.643 MiB, 43.85% gc time)
"CTMRG iteration: 8, CTMRG err: 4.387664719562781e-5"
  0.025966 seconds (152.97 k allocations: 18.449 MiB)
  0.028182 seconds (151.18 k allocations: 17.985 MiB)
  0.030234 seconds (151.70 k allocations: 18.114 MiB)
  0.031258 seconds (153.84 k allocations: 18.643 MiB)
"CTMRG iteration: 9, CTMRG err: 1.1976929206072684e-5"
  0.031705 seconds (152.97 k allocations: 18.449 MiB)
  0.051668 seconds (151.18 k allocations: 17.985 MiB, 43.50% gc time)
  0.025651 seconds (151.70 k allocations: 18.114 MiB)
  0.027329 seconds (153.84 k allocations: 18.643 MiB)
"CTMRG iteration: 10, CTMRG err: 3.2391181458125944e-6"
  0.030923 seconds (152.97 k allocations: 18.449 MiB)
  0.029953 seconds (151.18 k allocations: 17.985 MiB)
  0.034475 seconds (151.70 k allocations: 18.114 MiB)
  0.031440 seconds (153.84 k allocations: 18.643 MiB)
"CTMRG iteration: 11, CTMRG err: 8.71794014136538e-7"





"initialize CTM"
"initialize CTM"
"start CTM iterations:"
  0.316197 seconds (727.12 k allocations: 69.818 MiB, 8.91% gc time, 78.30% compilation time)
  0.135110 seconds (482.69 k allocations: 55.762 MiB, 41.35% compilation time)
  0.143949 seconds (473.77 k allocations: 54.136 MiB, 50.29% compilation time)
  0.114268 seconds (427.56 k allocations: 51.368 MiB, 36.54% compilation time)
"CTMRG iteration: 1, CTMRG err: 2.429485783192557"
  0.100450 seconds (196.69 k allocations: 22.218 MiB, 46.17% gc time, 21.23% compilation time)
  0.026209 seconds (160.12 k allocations: 19.912 MiB)
  0.073484 seconds (215.86 k allocations: 22.979 MiB, 61.10% compilation time)
  0.066090 seconds (216.92 k allocations: 23.355 MiB, 52.26% compilation time)
"CTMRG iteration: 2, CTMRG err: 0.2539792097988128"
  0.031393 seconds (161.55 k allocations: 20.222 MiB)
  0.031970 seconds (159.94 k allocations: 19.872 MiB)
  0.086843 seconds (196.15 k allocations: 21.893 MiB, 32.79% gc time, 31.85% compilation time)
  0.043366 seconds (179.30 k allocations: 21.219 MiB, 33.98% compilation time)
"CTMRG iteration: 3, CTMRG err: 0.08588421377334676"
  0.046209 seconds (176.78 k allocations: 20.700 MiB, 32.57% compilation time)
  0.029178 seconds (151.19 k allocations: 17.988 MiB)
  0.030743 seconds (151.78 k allocations: 18.127 MiB)
  0.031215 seconds (153.90 k allocations: 18.651 MiB)
"CTMRG iteration: 4, CTMRG err: 0.005592336648245967"
  0.058236 seconds (153.00 k allocations: 18.453 MiB, 47.02% gc time)
  0.026268 seconds (151.19 k allocations: 17.988 MiB)
  0.025947 seconds (151.78 k allocations: 18.127 MiB)
  0.029892 seconds (153.90 k allocations: 18.651 MiB)
"CTMRG iteration: 5, CTMRG err: 0.0016695028540334189"
  0.031348 seconds (153.00 k allocations: 18.453 MiB)
  0.030376 seconds (151.19 k allocations: 17.988 MiB)
  0.030898 seconds (151.78 k allocations: 18.127 MiB)
  0.057105 seconds (153.90 k allocations: 18.651 MiB, 47.27% gc time)
"CTMRG iteration: 6, CTMRG err: 0.0005410198443128003"
  0.025814 seconds (153.00 k allocations: 18.453 MiB)
  0.026526 seconds (151.19 k allocations: 17.988 MiB)
  0.029666 seconds (151.78 k allocations: 18.127 MiB)
  0.031557 seconds (153.90 k allocations: 18.651 MiB)
"CTMRG iteration: 7, CTMRG err: 0.000157789340938611"
  0.031302 seconds (153.00 k allocations: 18.453 MiB)
  0.030669 seconds (151.19 k allocations: 17.988 MiB)
  0.059083 seconds (151.78 k allocations: 18.127 MiB, 51.35% gc time)
  0.026883 seconds (153.90 k allocations: 18.651 MiB)
"CTMRG iteration: 8, CTMRG err: 4.387664719562781e-5"
  0.028430 seconds (153.00 k allocations: 18.453 MiB)
  0.028813 seconds (151.19 k allocations: 17.988 MiB)
  0.031087 seconds (151.78 k allocations: 18.127 MiB)
  0.030636 seconds (153.90 k allocations: 18.651 MiB)
"CTMRG iteration: 9, CTMRG err: 1.1976929206072684e-5"
  0.031592 seconds (153.00 k allocations: 18.453 MiB)
  0.052472 seconds (151.19 k allocations: 17.988 MiB, 46.43% gc time)
  0.026085 seconds (151.78 k allocations: 18.127 MiB)
  0.027990 seconds (153.90 k allocations: 18.651 MiB)
"CTMRG iteration: 10, CTMRG err: 3.2391181458125944e-6"
  0.031898 seconds (153.00 k allocations: 18.453 MiB)
  0.032113 seconds (151.19 k allocations: 17.988 MiB)
  0.030827 seconds (151.78 k allocations: 18.127 MiB)
  0.030932 seconds (153.90 k allocations: 18.651 MiB)
"CTMRG iteration: 11, CTMRG err: 8.71794014136538e-7"
